<?xml version="1.0" encoding="UTF-8"?>
<testsuite xmlns:xsi="http://www.w3.org/2001/XMLSchema-instance" xsi:noNamespaceSchemaLocation="https://maven.apache.org/surefire/maven-surefire-plugin/xsd/surefire-test-report.xsd" name="de.deminosa.AppTest" time="0.252" tests="4" errors="0" skipped="0" failures="0">
  <properties>
[...]
</properties>
  <testcase name="getGoogleAuthenticatorBarCode" classname="de.deminosa.AppTest" time="0.01"/>
  <testcase name="shouldAnswerWithTrue" classname="de.deminosa.AppTest" time="0"/>
  <testcase name="createQRCode" classname="de.deminosa.AppTest" time="0.148"/>
  <testcase name="generateSecretKey" classname="de.deminosa.AppTest" time="0.001"/>
</testsuite>